
SQL*Loader: Release 12.2.0.1.0 - Production on Wed Apr 15 16:15:09 2020

Copyright (c) 1982, 2017, Oracle and/or its affiliates.  All rights reserved.

Control File:   G:\SQL_Loader_Files\ctls\CAREPROVIDER_COMPUTER_SYSTEM.ctl
Data File:      G:\SQL_Loader_Files\csv\CAREPROVIDER_COMPUTER_SYSTEM.csv
  File processing option string: "str '\r\n'"
  Bad File:     G:\SQL_Loader_Files\bads\CAREPROVIDER_COMPUTER_SYSTEM.bad
  Discard File:  none specified
 
 (Allow all discards)

Number to load: ALL
Number to skip: 1
Errors allowed: 50
Bind array:     64 rows, maximum of 256000 bytes
Continuation:    none specified
Path used:      Conventional

Table CAREPROVIDER_COMPUTER_SYSTEM, loaded from every logical record.
Insert option in effect for this table: TRUNCATE
TRAILING NULLCOLS option in effect

   Column Name                  Position   Len  Term Encl Datatype
------------------------------ ---------- ----- ---- ---- ---------------------
COMPUTERSYSTEMID                    FIRST     *   ,  O(") CHARACTER            
                                                      O(")
COMPUTERSYSTEMDESCRIPTION            NEXT  4000   ,  O(") CHARACTER            
                                                      O(")

value used for ROWS parameter changed from 64 to 60

Table CAREPROVIDER_COMPUTER_SYSTEM:
  16 Rows successfully loaded.
  0 Rows not loaded due to data errors.
  0 Rows not loaded because all WHEN clauses were failed.
  0 Rows not loaded because all fields were null.


Space allocated for bind array:                 255600 bytes(60 rows)
Read   buffer bytes: 1048576

Total logical records skipped:          1
Total logical records read:            16
Total logical records rejected:         0
Total logical records discarded:        0

Run began on Wed Apr 15 16:15:09 2020
Run ended on Wed Apr 15 16:15:09 2020

Elapsed time was:     00:00:00.35
CPU time was:         00:00:00.19
