
SQL*Loader: Release 12.2.0.1.0 - Production on Wed Apr 15 16:15:10 2020

Copyright (c) 1982, 2017, Oracle and/or its affiliates.  All rights reserved.

Control File:   G:\SQL_Loader_Files\ctls\REFEREES_DETAILS.ctl
Data File:      G:\SQL_Loader_Files\csv\REFEREES_DETAILS.csv
  File processing option string: "str '\r\n'"
  Bad File:     G:\SQL_Loader_Files\bads\REFEREES_DETAILS.bad
  Discard File:  none specified
 
 (Allow all discards)

Number to load: ALL
Number to skip: 1
Errors allowed: 50
Bind array:     64 rows, maximum of 256000 bytes
Continuation:    none specified
Path used:      Conventional

Table REFEREE_DETAILS, loaded from every logical record.
Insert option in effect for this table: TRUNCATE
TRAILING NULLCOLS option in effect

   Column Name                  Position   Len  Term Encl Datatype
------------------------------ ---------- ----- ---- ---- ---------------------
REFEREEID                           FIRST     *   ,  O(") CHARACTER            
                                                      O(")
FIRST_NAME                           NEXT  4000   ,  O(") CHARACTER            
                                                      O(")
LAST_NAME                            NEXT  4000   ,  O(") CHARACTER            
                                                      O(")
ADDRESS_LINE_1                       NEXT  4000   ,  O(") CHARACTER            
                                                      O(")
ADRESS_LINE_2                        NEXT  4000   ,  O(") CHARACTER            
                                                      O(")
TOWN                                 NEXT  4000   ,  O(") CHARACTER            
                                                      O(")
COUNTY                               NEXT  4000   ,  O(") CHARACTER            
                                                      O(")
POSTCODE                             NEXT  4000   ,  O(") CHARACTER            
                                                      O(")
TEL                                  NEXT  4000   ,  O(") CHARACTER            
                                                      O(")

value used for ROWS parameter changed from 64 to 7

Table REFEREE_DETAILS:
  266 Rows successfully loaded.
  0 Rows not loaded due to data errors.
  0 Rows not loaded because all WHEN clauses were failed.
  0 Rows not loaded because all fields were null.


Space allocated for bind array:                 225918 bytes(7 rows)
Read   buffer bytes: 1048576

Total logical records skipped:          1
Total logical records read:           266
Total logical records rejected:         0
Total logical records discarded:        0

Run began on Wed Apr 15 16:15:10 2020
Run ended on Wed Apr 15 16:15:11 2020

Elapsed time was:     00:00:00.58
CPU time was:         00:00:00.20
