
SQL*Loader: Release 12.2.0.1.0 - Production on Wed Apr 15 16:15:14 2020

Copyright (c) 1982, 2017, Oracle and/or its affiliates.  All rights reserved.

Control File:   G:\SQL_Loader_Files\ctls\TempAgeBand.ctl
Data File:      G:\SQL_Loader_Files\csv\TempAgeBand.csv
  File processing option string: "str '\r\n'"
  Bad File:     G:\SQL_Loader_Files\bads\TempAgeBand.bad
  Discard File:  none specified
 
 (Allow all discards)

Number to load: ALL
Number to skip: 1
Errors allowed: 50
Bind array:     64 rows, maximum of 256000 bytes
Continuation:    none specified
Path used:      Conventional

Table TEMP_AGE_BAND, loaded from every logical record.
Insert option in effect for this table: TRUNCATE
TRAILING NULLCOLS option in effect

   Column Name                  Position   Len  Term Encl Datatype
------------------------------ ---------- ----- ---- ---- ---------------------
AGE_BAND_NAME                       FIRST  4000   ,  O(") CHARACTER            
                                                      O(")
AGE_BAND_LOW                         NEXT     *   ,  O(") CHARACTER            
                                                      O(")
AGE_BAND_HIGH                        NEXT     *   ,  O(") CHARACTER            
                                                      O(")

value used for ROWS parameter changed from 64 to 56

Table TEMP_AGE_BAND:
  5 Rows successfully loaded.
  0 Rows not loaded due to data errors.
  0 Rows not loaded because all WHEN clauses were failed.
  0 Rows not loaded because all fields were null.


Space allocated for bind array:                 253008 bytes(56 rows)
Read   buffer bytes: 1048576

Total logical records skipped:          1
Total logical records read:             5
Total logical records rejected:         0
Total logical records discarded:        0

Run began on Wed Apr 15 16:15:14 2020
Run ended on Wed Apr 15 16:15:15 2020

Elapsed time was:     00:00:00.47
CPU time was:         00:00:00.27
